12:10:07 **** Incremental Build of configuration Debug for project MCLock ****
Info: Internal Builder is used for build
arm-none-eabi-g++ "..\\Core\\Src\\dac.cpp" -mcpu=cortex-m4 -std=gnu++14 -g3 -DSTM32F427xx -DUSE_HAL_DRIVER -DDEBUG -c -I../Drivers/CMSIS/Include -I../Drivers/STM32F4xx_HAL_Driver/Inc -I../Core/Inc -I../Drivers/CMSIS/Device/ST/STM32F4xx/Include -I../Drivers/STM32F4xx_HAL_Driver/Inc/Legacy -Og -ffunction-sections -fdata-sections -fno-exceptions -fno-rtti -fno-threadsafe-statics -fno-use-cxa-atexit -Wall -fstack-usage --specs=nano.specs -mfpu=fpv4-sp-d16 -mfloat-abi=hard -mthumb -o "Core\\Src\\dac.o" 
In file included from ../Core/Inc/dac.hpp:12:0,
                 from ..\Core\Src\dac.cpp:8:
../Core/Inc/newdma.hpp:13:0: warning: "NULL" redefined
 #define NULL 0
 
In file included from ../Drivers/STM32F4xx_HAL_Driver/Inc/stm32f4xx_hal_def.h:32:0,
                 from ../Drivers/STM32F4xx_HAL_Driver/Inc/stm32f4xx_hal_rcc.h:29,
                 from ../Core/Inc/stm32f4xx_hal_conf.h:232,
                 from ../Drivers/STM32F4xx_HAL_Driver/Inc/stm32f4xx_hal.h:30,
                 from ../Core/Inc/dac.hpp:11,
                 from ..\Core\Src\dac.cpp:8:
c:\st\stm32cubeide_1.2.0\stm32cubeide\plugins\com.st.stm32cube.ide.mcu.externaltools.gnu-tools-for-stm32.7-2018-q2-update.win32_1.0.0.201904181610\tools\lib\gcc\arm-none-eabi\7.3.1\include\stddef.h:403:0: note: this is the location of the previous definition
 #define NULL __null
 
..\Core\Src\dac.cpp: In member function 'void DAC_Dev::Setup(uint8_t, bool)':
..\Core\Src\dac.cpp:286:35: warning: 'LowerVoltage' may be used uninitialized in this function [-Wmaybe-uninitialized]
  this->ZeroVoltage = (UpperVoltage+LowerVoltage)/2.0f;
                      ~~~~~~~~~~~~~^~~~~~~~~~~~~~
..\Core\Src\dac.cpp:286:35: warning: 'UpperVoltage' may be used uninitialized in this function [-Wmaybe-uninitialized]
arm-none-eabi-g++ -o MCLock.elf "Core\\Src\\FFTCorrection.o" "Core\\Src\\adc.o" "Core\\Src\\benchmarking.o" "Core\\Src\\cppmain.o" "Core\\Src\\dac.o" "Core\\Src\\dma.o" "Core\\Src\\flashmemory.o" "Core\\Src\\leds.o" "Core\\Src\\lock.o" "Core\\Src\\main.o" "Core\\Src\\misc_func.o" "Core\\Src\\newdma.o" "Core\\Src\\oscilloscope.o" "Core\\Src\\pid.o" "Core\\Src\\raspberrypi.o" "Core\\Src\\spi.o" "Core\\Src\\stm32f4xx_hal_msp.o" "Core\\Src\\stm32f4xx_it.o" "Core\\Src\\syscalls.o" "Core\\Src\\sysmem.o" "Core\\Src\\system_stm32f4xx.o" "Core\\Startup\\startup_stm32f427zitx.o" "Drivers\\STM32F4xx_HAL_Driver\\Src\\stm32f4xx_hal.o" "Drivers\\STM32F4xx_HAL_Driver\\Src\\stm32f4xx_hal_adc.o" "Drivers\\STM32F4xx_HAL_Driver\\Src\\stm32f4xx_hal_adc_ex.o" "Drivers\\STM32F4xx_HAL_Driver\\Src\\stm32f4xx_hal_cortex.o" "Drivers\\STM32F4xx_HAL_Driver\\Src\\stm32f4xx_hal_dma.o" "Drivers\\STM32F4xx_HAL_Driver\\Src\\stm32f4xx_hal_dma_ex.o" "Drivers\\STM32F4xx_HAL_Driver\\Src\\stm32f4xx_hal_exti.o" "Drivers\\STM32F4xx_HAL_Driver\\Src\\stm32f4xx_hal_flash.o" "Drivers\\STM32F4xx_HAL_Driver\\Src\\stm32f4xx_hal_flash_ex.o" "Drivers\\STM32F4xx_HAL_Driver\\Src\\stm32f4xx_hal_flash_ramfunc.o" "Drivers\\STM32F4xx_HAL_Driver\\Src\\stm32f4xx_hal_gpio.o" "Drivers\\STM32F4xx_HAL_Driver\\Src\\stm32f4xx_hal_pwr.o" "Drivers\\STM32F4xx_HAL_Driver\\Src\\stm32f4xx_hal_pwr_ex.o" "Drivers\\STM32F4xx_HAL_Driver\\Src\\stm32f4xx_hal_rcc.o" "Drivers\\STM32F4xx_HAL_Driver\\Src\\stm32f4xx_hal_rcc_ex.o" "Drivers\\STM32F4xx_HAL_Driver\\Src\\stm32f4xx_hal_spi.o" "Drivers\\STM32F4xx_HAL_Driver\\Src\\stm32f4xx_hal_tim.o" "Drivers\\STM32F4xx_HAL_Driver\\Src\\stm32f4xx_hal_tim_ex.o" -mcpu=cortex-m4 "-TC:\\Development\\Microcontroller\\workspace_1.1.0\\MCLock\\STM32F427ZITX_FLASH.ld" --specs=nosys.specs -Wl,-Map=MCLock.map -Wl,--gc-sections -static "-LC:\\Development\\Microcontroller\\workspace_1.1.0\\MCLock\\Core\\Src" --specs=nano.specs -mfpu=fpv4-sp-d16 -mfloat-abi=hard -mthumb -Wl,--start-group -lc -lm -lstdc++ -lsupc++ -Wl,--end-group 
copy_to_share.bat 

C:\Development\Microcontroller\workspace_1.1.0\MCLock\Debug>copy MCLock.elf ..\..\..\..\Share\MicrocontrollerPrograms\MCLock.elf 
        1 file(s) copied.

12:10:09 Build Finished. 0 errors, 3 warnings. (took 1s.535ms)

